[    0.000000] Initializing cgroup subsys cpuset
[    0.000000] Initializing cgroup subsys cpu
[    0.000000] Initializing cgroup subsys cpuacct
[    0.000000] Linux version 4.4.0-59-generic (buildd@lgw01-37) (gcc version 5.4.0 20160609 (Ubuntu 5.4.0-6ubuntu1~16.04.4) ) #80-Ubuntu SMP Fri Jan 6 17:36:54 UTC 2017 (Ubuntu 4.4.0-59.80-generic 4.4.35)
[    0.000000] KERNEL supported cpus:
[    0.000000]   Intel GenuineIntel
[    0.000000]   AMD AuthenticAMD
[    0.000000]   NSC Geode by NSC
[    0.000000]   Cyrix CyrixInstead
[    0.000000]   Centaur CentaurHauls
[    0.000000]   Transmeta GenuineTMx86
[    0.000000]   Transmeta TransmetaCPU
[    0.000000]   UMC UMC UMC UMC
[    0.000000] x86/fpu: xstate_offset[2]:  576, xstate_sizes[2]:  256
[    0.000000] x86/fpu: Supporting XSAVE feature 0x01: 'x87 floating point registers'
[    0.000000] x86/fpu: Supporting XSAVE feature 0x02: 'SSE registers'
[    0.000000] x86/fpu: Supporting XSAVE feature 0x04: 'AVX registers'
[    0.000000] x86/fpu: Enabled xstate features 0x7, context size is 832 bytes, using 'standard' format.
[    0.000000] x86/fpu: Using 'lazy' FPU context switches.
[    0.000000] e820: BIOS-provided physical RAM map:
[    0.000000] BIOS-e820: [mem 0x0000000000000000-0x000000000009fbff] usable
[    0.000000] BIOS-e820: [mem 0x000000000009fc00-0x000000000009ffff] reserved
[    0.000000] BIOS-e820: [mem 0x00000000000f0000-0x00000000000fffff] reserved
[    0.000000] BIOS-e820: [mem 0x0000000000100000-0x000000003ffeffff] usable
[    0.000000] BIOS-e820: [mem 0x000000003fff0000-0x000000003fffffff] ACPI data
[    0.000000] BIOS-e820: [mem 0x00000000fec00000-0x00000000fec00fff] reserved
[    0.000000] BIOS-e820: [mem 0x00000000fee00000-0x00000000fee00fff] reserved
[    0.000000] BIOS-e820: [mem 0x00000000fffc0000-0x00000000ffffffff] reserved
[    0.000000] NX (Execute Disable) protection: active
[    0.000000] SMBIOS 2.5 present.
[    0.000000] Hypervisor detected: KVM
[    0.000000] e820: last_pfn = 0x3fff0 max_arch_pfn = 0x1000000
[    0.000000] MTRR: Disabled
[    0.000000] x86/PAT: MTRRs disabled, skipping PAT initialization too.
[    0.000000] x86/PAT: Configuration [0-7]: WB  WT  UC- UC  WB  WT  UC- UC  
[    0.000000] CPU MTRRs all blank - virtualized system.
[    0.000000] found SMP MP-table at [mem 0x0009fff0-0x0009ffff] mapped at [c009fff0]
[    0.000000] Scanning 1 areas for low memory corruption
[    0.000000] RAMDISK: [mem 0x36b6a000-0x375acfff]
[    0.000000] ACPI: Early table checksum verification disabled
[    0.000000] ACPI: RSDP 0x00000000000E0000 000024 (v02 VBOX  )
[    0.000000] ACPI: XSDT 0x000000003FFF0030 00003C (v01 VBOX   VBOXXSDT 00000001 ASL  00000061)
[    0.000000] ACPI: FACP 0x000000003FFF00F0 0000F4 (v04 VBOX   VBOXFACP 00000001 ASL  00000061)
[    0.000000] ACPI: DSDT 0x000000003FFF0470 00210F (v01 VBOX   VBOXBIOS 00000002 INTL 20160108)
[    0.000000] ACPI: FACS 0x000000003FFF0200 000040
[    0.000000] ACPI: FACS 0x000000003FFF0200 000040
[    0.000000] ACPI: APIC 0x000000003FFF0240 00005C (v02 VBOX   VBOXAPIC 00000001 ASL  00000061)
[    0.000000] ACPI: SSDT 0x000000003FFF02A0 0001CC (v01 VBOX   VBOXCPUT 00000002 INTL 20160108)
[    0.000000] 131MB HIGHMEM available.
[    0.000000] 891MB LOWMEM available.
[    0.000000]   mapped low ram: 0 - 37bfe000
[    0.000000]   low ram: 0 - 37bfe000
[    0.000000] kvm-clock: Using msrs 4b564d01 and 4b564d00
[    0.000000] kvm-clock: cpu 0, msr 0:37bfd001, primary cpu clock
[    0.000000] kvm-clock: using sched offset of 3040020535 cycles
[    0.000000] clocksource: kvm-clock: mask: 0xffffffffffffffff max_cycles: 0x1cd42e4dffb, max_idle_ns: 881590591483 ns
[    0.000000] Zone ranges:
[    0.000000]   DMA      [mem 0x0000000000001000-0x0000000000ffffff]
[    0.000000]   Normal   [mem 0x0000000001000000-0x0000000037bfdfff]
[    0.000000]   HighMem  [mem 0x0000000037bfe000-0x000000003ffeffff]
[    0.000000] Movable zone start for each node
[    0.000000] Early memory node ranges
[    0.000000]   node   0: [mem 0x0000000000001000-0x000000000009efff]
[    0.000000]   node   0: [mem 0x0000000000100000-0x000000003ffeffff]
[    0.000000] Initmem setup node 0 [mem 0x0000000000001000-0x000000003ffeffff]
[    0.000000] Using APIC driver default
[    0.000000] ACPI: PM-Timer IO Port: 0x4008
[    0.000000] IOAPIC[0]: apic_id 2, version 32, address 0xfec00000, GSI 0-23
[    0.000000] ACPI: INT_SRC_OVR (bus 0 bus_irq 0 global_irq 2 dfl dfl)
[    0.000000] ACPI: INT_SRC_OVR (bus 0 bus_irq 9 global_irq 9 high level)
[    0.000000] Using ACPI (MADT) for SMP configuration information
[    0.000000] smpboot: Allowing 2 CPUs, 0 hotplug CPUs
[    0.000000] PM: Registered nosave memory: [mem 0x00000000-0x00000fff]
[    0.000000] PM: Registered nosave memory: [mem 0x0009f000-0x0009ffff]
[    0.000000] PM: Registered nosave memory: [mem 0x000a0000-0x000effff]
[    0.000000] PM: Registered nosave memory: [mem 0x000f0000-0x000fffff]
[    0.000000] e820: [mem 0x40000000-0xfebfffff] available for PCI devices
[    0.000000] Booting paravirtualized kernel on KVM
[    0.000000] clocksource: refined-jiffies: mask: 0xffffffff max_cycles: 0xffffffff, max_idle_ns: 7645519600211568 ns
[    0.000000] setup_percpu: NR_CPUS:8 nr_cpumask_bits:8 nr_cpu_ids:2 nr_node_ids:1
[    0.000000] PERCPU: Embedded 19 pages/cpu @f76b0000 s47436 r0 d30388 u77824
[    0.000000] PV qspinlock hash table entries: 512 (order: 0, 4096 bytes)
[    0.000000] Built 1 zonelists in Zone order, mobility grouping on.  Total pages: 259800
[    0.000000] Kernel command line: BOOT_IMAGE=/boot/vmlinuz-4.4.0-59-generic root=LABEL=cloudimg-rootfs ro console=tty1 console=ttyS0
[    0.000000] PID hash table entries: 4096 (order: 2, 16384 bytes)
[    0.000000] Dentry cache hash table entries: 131072 (order: 7, 524288 bytes)
[    0.000000] Inode-cache hash table entries: 65536 (order: 6, 262144 bytes)
[    0.000000] Initializing CPU#0
[    0.000000] Initializing HighMem for node 0 (00037bfe:0003fff0)
[    0.000000] Initializing Movable for node 0 (00000000:00000000)
[    0.000000] Memory: 1012488K/1048120K available (7914K kernel code, 765K rwdata, 3148K rodata, 944K init, 800K bss, 35632K reserved, 0K cma-reserved, 135112K highmem)
[    0.000000] virtual kernel memory layout:
[    0.000000]     fixmap  : 0xfff15000 - 0xfffff000   ( 936 kB)
[    0.000000]     pkmap   : 0xffc00000 - 0xffe00000   (2048 kB)
[    0.000000]     vmalloc : 0xf83fe000 - 0xffbfe000   ( 120 MB)
[    0.000000]     lowmem  : 0xc0000000 - 0xf7bfe000   ( 891 MB)
[    0.000000]       .init : 0xc1b91000 - 0xc1c7d000   ( 944 kB)
[    0.000000]       .data : 0xc17bacfb - 0xc1b8f400   (3921 kB)
[    0.000000]       .text : 0xc1000000 - 0xc17bacfb   (7915 kB)
[    0.000000] Checking if this processor honours the WP bit even in supervisor mode...Ok.
[    0.000000] SLUB: HWalign=64, Order=0-3, MinObjects=0, CPUs=2, Nodes=1
[    0.000000] Hierarchical RCU implementation.
[    0.000000] 	Build-time adjustment of leaf fanout to 32.
[    0.000000] 	RCU restricting CPUs from NR_CPUS=8 to nr_cpu_ids=2.
[    0.000000] RCU: Adjusting geometry for rcu_fanout_leaf=32, nr_cpu_ids=2
[    0.000000] NR_IRQS:2304 nr_irqs:440 16
[    0.000000] Console: colour VGA+ 80x25
[    0.000000] console [tty1] enabled
[    0.000000] console [ttyS0] enabled
[    0.000000] allocated 1048576 bytes of page_ext
[    0.000000] tsc: Detected 2594.008 MHz processor
[    0.386946] Calibrating delay loop (skipped) preset value.. 5188.01 BogoMIPS (lpj=10376032)
[    0.388181] pid_max: default: 32768 minimum: 301
[    0.388853] ACPI: Core revision 20150930
[    0.390269] ACPI: 2 ACPI AML tables successfully acquired and loaded
[    0.391254] Security Framework initialized
[    0.391865] Yama: becoming mindful.
[    0.392421] AppArmor: AppArmor initialized
[    0.393049] Mount-cache hash table entries: 2048 (order: 1, 8192 bytes)
[    0.393896] Mountpoint-cache hash table entries: 2048 (order: 1, 8192 bytes)
[    0.394932] Initializing cgroup subsys io
[    0.395549] Initializing cgroup subsys memory
[    0.396185] Initializing cgroup subsys devices
[    0.398502] Initializing cgroup subsys freezer
[    0.430325] Initializing cgroup subsys net_cls
[    0.430980] Initializing cgroup subsys perf_event
[    0.431705] Initializing cgroup subsys net_prio
[    0.434882] Initializing cgroup subsys hugetlb
[    0.435527] Initializing cgroup subsys pids
[    0.436225] CPU: Physical Processor ID: 0
[    0.436824] CPU: Processor Core ID: 0
[    0.440262] mce: CPU supports 0 MCE banks
[    0.440889] Last level iTLB entries: 4KB 1024, 2MB 1024, 4MB 1024
[    0.441734] Last level dTLB entries: 4KB 1024, 2MB 1024, 4MB 1024, 1GB 4
[    0.444945] Freeing SMP alternatives memory: 28K (c1c7d000 - c1c84000)
[    0.452194] ftrace: allocating 31349 entries in 62 pages
[    0.533319] smpboot: APIC(0) Converting physical 0 to logical package 0
[    0.540995] smpboot: Max logical packages: 1
[    0.541628] Enabling APIC mode:  Flat.  Using 1 I/O APICs
[    0.543447] ..TIMER: vector=0x30 apic1=0 pin1=2 apic2=-1 pin2=-1
[    0.654420] smpboot: CPU0: Intel(R) Core(TM) i5-4210M CPU @ 2.60GHz (family: 0x6, model: 0x3c, stepping: 0x3)
[    0.756523] Performance Events: unsupported p6 CPU model 60 no PMU driver, software events only.
[    0.812094] KVM setup paravirtual spinlock
[    0.813369] x86: Booting SMP configuration:
[    0.813993] .... node  #0, CPUs:      #1
[1266874886.669531] Initializing CPU#1
[    0.815054] kvm-clock: cpu 1, msr 0:37bfd041, secondary cpu clock
[    0.828299] mce: CPU supports 0 MCE banks
[    0.830759] x86: Booted up 1 node, 2 CPUs
[    0.831623] smpboot: Total of 2 processors activated (10376.03 BogoMIPS)
[    0.847229] devtmpfs: initialized
[    0.874051] evm: security.selinux
[    0.878930] evm: security.SMACK64
[    0.879497] evm: security.SMACK64EXEC
[    0.880071] evm: security.SMACK64TRANSMUTE
[    0.880674] evm: security.SMACK64MMAP
[    0.881234] evm: security.ima
[    0.881728] evm: security.capability
[    0.882543] clocksource: jiffies: mask: 0xffffffff max_cycles: 0xffffffff, max_idle_ns: 7645041785100000 ns
[    0.884023] pinctrl core: initialized pinctrl subsystem
[    0.884839] RTC time: 19:11:50, date: 01/24/17
[    0.885619] NET: Registered protocol family 16
[    0.886419] EISA bus registered
[    0.906706] cpuidle: using governor ladder
[    0.954478] cpuidle: using governor menu
[    1.057355] PCCT header not found.
[    1.084081] ACPI: bus type PCI registered
[    1.130337] acpiphp: ACPI Hot Plug PCI Controller Driver version: 0.5
[    1.206444] PCI : PCI BIOS area is rw and x. Use pci=nobios if you want it NX.
[    1.210860] PCI: PCI BIOS revision 2.10 entry at 0xfda26, last bus=0
[    1.211691] PCI: Using configuration type 1 for base access
[    1.223646] ACPI: Added _OSI(Module Device)
[    1.274395] ACPI: Added _OSI(Processor Device)
[    1.286306] ACPI: Added _OSI(3.0 _SCP Extensions)
[    1.287006] ACPI: Added _OSI(Processor Aggregator Device)
[    1.288347] ACPI: Executed 1 blocks of module-level executable AML code
[    1.290777] ACPI: Interpreter enabled
[    1.306296] ACPI: (supports S0 S5)
[    1.318852] ACPI: Using IOAPIC for interrupt routing
[    1.334987] PCI: Using host bridge windows from ACPI; if necessary, use "pci=nocrs" and report a bug
[    1.369648] ACPI: PCI Root Bridge [PCI0] (domain 0000 [bus 00-ff])
[    1.371686] acpi PNP0A03:00: _OSC: OS supports [ASPM ClockPM Segments MSI]
[    1.372666] acpi PNP0A03:00: _OSC failed (AE_NOT_FOUND); disabling ASPM
[    1.381516] acpi PNP0A03:00: fail to add MMCONFIG information, can't access extended PCI configuration space under this bridge.
[    1.383404] PCI host bridge to bus 0000:00
[    1.384060] pci_bus 0000:00: root bus resource [io  0x0000-0x0cf7 window]
[    1.385043] pci_bus 0000:00: root bus resource [io  0x0d00-0xffff window]
[    1.386013] pci_bus 0000:00: root bus resource [mem 0x000a0000-0x000bffff window]
[    1.387253] pci_bus 0000:00: root bus resource [mem 0x40000000-0xffdfffff window]
[    1.388474] pci_bus 0000:00: root bus resource [bus 00-ff]
[    1.390457] pci 0000:00:01.1: legacy IDE quirk: reg 0x10: [io  0x01f0-0x01f7]
[    1.394697] pci 0000:00:01.1: legacy IDE quirk: reg 0x14: [io  0x03f6]
[    1.395678] pci 0000:00:01.1: legacy IDE quirk: reg 0x18: [io  0x0170-0x0177]
[    1.396673] pci 0000:00:01.1: legacy IDE quirk: reg 0x1c: [io  0x0376]
[    1.416924] pci 0000:00:07.0: quirk: [io  0x4000-0x403f] claimed by PIIX4 ACPI
[    1.423551] pci 0000:00:07.0: quirk: [io  0x4100-0x410f] claimed by PIIX4 SMB
[    1.430149] ACPI: PCI Interrupt Link [LNKA] (IRQs 5 9 10 *11)
[    1.436842] ACPI: PCI Interrupt Link [LNKB] (IRQs 5 9 10 *11)
[    1.443425] ACPI: PCI Interrupt Link [LNKC] (IRQs 5 9 *10 11)
[    1.446755] ACPI: PCI Interrupt Link [LNKD] (IRQs 5 *9 10 11)
[    1.453271] ACPI: Enabled 2 GPEs in block 00 to 07
[    1.454389] vgaarb: setting as boot device: PCI:0000:00:02.0
[    1.455246] vgaarb: device added: PCI:0000:00:02.0,decodes=io+mem,owns=io+mem,locks=none
[    1.497373] vgaarb: loaded
[    1.497844] vgaarb: bridge control possible 0000:00:02.0
[    1.498805] SCSI subsystem initialized
[    1.499479] ACPI: bus type USB registered
[    1.500100] usbcore: registered new interface driver usbfs
[    1.531940] usbcore: registered new interface driver hub
[    1.584288] usbcore: registered new device driver usb
[    1.601926] PCI: Using ACPI for IRQ routing
[    1.602786] NetLabel: Initializing
[    1.603341] NetLabel:  domain hash size = 128
[    1.603969] NetLabel:  protocols = UNLABELED CIPSOv4
[    1.604662] NetLabel:  unlabeled traffic allowed by default
[    1.605585] amd_nb: Cannot enumerate AMD northbridges
[    1.622980] clocksource: Switched to clocksource kvm-clock
[    1.645934] AppArmor: AppArmor Filesystem Enabled
[    1.692074] pnp: PnP ACPI init
[    1.693167] pnp: PnP ACPI: found 3 devices
[    1.693779] PnPBIOS: Disabled by ACPI PNP
[    1.733815] clocksource: acpi_pm: mask: 0xffffff max_cycles: 0xffffff, max_idle_ns: 2085701024 ns
[    1.848845] NET: Registered protocol family 2
[    1.849653] TCP established hash table entries: 8192 (order: 3, 32768 bytes)
[    1.850553] TCP bind hash table entries: 8192 (order: 4, 65536 bytes)
[    1.851408] TCP: Hash tables configured (established 8192 bind 8192)
[    1.852241] UDP hash table entries: 512 (order: 2, 16384 bytes)
[    1.853051] UDP-Lite hash table entries: 512 (order: 2, 16384 bytes)
[    1.853896] NET: Registered protocol family 1
[    1.854535] pci 0000:00:00.0: Limiting direct PCI/PCI transfers
[    1.855345] pci 0000:00:01.0: Activating ISA DMA hang workarounds
[    1.856247] Trying to unpack rootfs image as initramfs...
[    2.959073] rootfs image is not initramfs (LZMA data is corrupt); looks like an initrd
[    2.972554] Freeing initrd memory: 10508K (f6b6a000 - f75ad000)
[    3.022808] RAPL PMU detected, API unit is 2^-32 Joules, 4 fixed counters 10737418240 ms ovfl timer
[    3.024092] hw unit of domain pp0-core 2^-0 Joules
[    3.024763] hw unit of domain package 2^-0 Joules
[    3.025423] hw unit of domain dram 2^-0 Joules
[    3.026058] hw unit of domain pp1-gpu 2^-0 Joules
[    3.031601] platform rtc_cmos: registered platform RTC device (no PNP device found)
[    3.033791] Scanning for low memory corruption every 60 seconds
[    3.035104] futex hash table entries: 512 (order: 3, 32768 bytes)
[    3.035946] audit: initializing netlink subsys (disabled)
[    3.036702] audit: type=2000 audit(1485285116.057:1): initialized
[    3.037735] Initialise system trusted keyring
[    3.038583] HugeTLB registered 2 MB page size, pre-allocated 0 pages
[    3.040567] zbud: loaded
[    3.041161] VFS: Disk quotas dquot_6.6.0
[    3.041779] VFS: Dquot-cache hash table entries: 1024 (order 0, 4096 bytes)
[    3.042839] squashfs: version 4.0 (2009/01/31) Phillip Lougher
[    3.043908] fuse init (API version 7.23)
[    3.047700] Key type big_key registered
[    3.096600] Allocating IMA MOK and blacklist keyrings.
[    3.166073] Key type asymmetric registered
[    3.173704] Asymmetric key parser 'x509' registered
[    3.174398] bounce: pool size: 64 pages
[    3.175018] Block layer SCSI generic (bsg) driver version 0.4 loaded (major 249)
[    3.183902] io scheduler noop registered
[    3.184494] io scheduler deadline registered (default)
[    3.185226] io scheduler cfq registered
[    3.185887] pci_hotplug: PCI Hot Plug PCI Core version: 0.5
[    3.186648] pciehp: PCI Express Hot Plug Controller Driver version: 0.4
[    3.187617] ACPI: AC Adapter [AC] (on-line)
[    3.189327] input: Power Button as /devices/LNXSYSTM:00/LNXPWRBN:00/input/input0
[    3.190415] ACPI: Power Button [PWRF]
[    3.191040] input: Sleep Button as /devices/LNXSYSTM:00/LNXSLPBN:00/input/input1
[    3.192130] ACPI: Sleep Button [SLPF]
[    3.192879] GHES: HEST is not enabled!
[    3.193374] ACPI: Battery Slot [BAT0] (battery present)
[    3.227719] isapnp: Scanning for PnP cards...
[    3.239869] Serial: 8250/16550 driver, 32 ports, IRQ sharing enabled
[    3.299263] 00:02: ttyS0 at I/O 0x3f8 (irq = 4, base_baud = 115200) is a 16550A
[    3.308530] Linux agpgart interface v0.103
[    3.450287] brd: module loaded
[    3.462075] loop: module loaded
[    3.469229] scsi host0: ata_piix
[    3.493762] scsi host1: ata_piix
[    3.505703] ata1: PATA max UDMA/33 cmd 0x1f0 ctl 0x3f6 bmdma 0xd000 irq 14
[    3.512049] ata2: PATA max UDMA/33 cmd 0x170 ctl 0x376 bmdma 0xd008 irq 15
[    3.513151] libphy: Fixed MDIO Bus: probed
[    3.513834] tun: Universal TUN/TAP device driver, 1.6
[    3.514617] tun: (C) 1999-2004 Max Krasnyansky <maxk@qualcomm.com>
[    3.515611] PPP generic driver version 2.4.2
[    3.516565] ehci_hcd: USB 2.0 'Enhanced' Host Controller (EHCI) Driver
[    3.518720] ehci-pci: EHCI PCI platform driver
[    3.519484] ehci-platform: EHCI generic platform driver
[    3.520300] ohci_hcd: USB 1.1 'Open' Host Controller (OHCI) Driver
[    3.521216] ohci-pci: OHCI PCI platform driver
[    3.521946] ohci-platform: OHCI generic platform driver
[    3.522757] uhci_hcd: USB Universal Host Controller Interface driver
[    3.523786] i8042: PNP: PS/2 Controller [PNP0303:PS2K,PNP0f03:PS2M] at 0x60,0x64 irq 1,12
[    3.525698] serio: i8042 KBD port at 0x60,0x64 irq 1
[    3.526492] serio: i8042 AUX port at 0x60,0x64 irq 12
[    3.529865] mousedev: PS/2 mouse device common for all mice
[    3.531108] input: AT Translated Set 2 keyboard as /devices/platform/i8042/serio0/input/input2
[    3.539172] rtc_cmos rtc_cmos: rtc core: registered rtc_cmos as rtc0
[    3.540153] rtc_cmos rtc_cmos: alarms up to one day, 114 bytes nvram
[    3.541089] i2c /dev entries driver
[    3.541750] device-mapper: uevent: version 1.0.3
[    3.542646] device-mapper: ioctl: 4.34.0-ioctl (2015-10-28) initialised: dm-devel@redhat.com
[    3.544042] platform eisa.0: Probing EISA bus 0
[    3.544766] platform eisa.0: EISA: Cannot allocate resource for mainboard
[    3.545738] platform eisa.0: Cannot allocate resource for EISA slot 1
[    3.567502] platform eisa.0: Cannot allocate resource for EISA slot 2
[    3.568451] platform eisa.0: Cannot allocate resource for EISA slot 3
[    3.569382] platform eisa.0: Cannot allocate resource for EISA slot 4
[    3.570312] platform eisa.0: Cannot allocate resource for EISA slot 5
[    3.571274] platform eisa.0: Cannot allocate resource for EISA slot 6
[    3.591048] isapnp: No Plug & Play device found
[    3.592703] platform eisa.0: Cannot allocate resource for EISA slot 7
[    3.593630] platform eisa.0: Cannot allocate resource for EISA slot 8
[    3.594554] platform eisa.0: EISA: Detected 0 cards
[    3.595364] cpufreq-nforce2: No nForce2 chipset.
[    3.596083] ledtrig-cpu: registered to indicate activity on CPUs
[    3.597198] NET: Registered protocol family 10
[    3.598205] NET: Registered protocol family 17
[    3.598933] Key type dns_resolver registered
[    3.599822] microcode: CPU0 sig=0x306c3, pf=0x40, revision=0x0
[    3.600743] microcode: CPU1 sig=0x306c3, pf=0x40, revision=0x0
[    3.601563] microcode: Microcode Update Driver: v2.01 <tigran@aivazian.fsnet.co.uk>, Peter Oruba
[    3.627966] Using IPI No-Shortcut mode
[    3.628650] registered taskstats version 1
[    3.648505] Loading compiled-in X.509 certificates
[    3.651280] Loaded X.509 cert 'Build time autogenerated kernel key: 5abddad4aa185bb4ac78f1f130c188cbdfc4c5fc'
[    3.798832] zswap: loaded using pool lzo/zbud
[    3.824047] Key type trusted registered
[    3.854111] Key type encrypted registered
[    3.863582] AppArmor: AppArmor sha1 policy hashing enabled
[    3.864330] ima: No TPM chip found, activating TPM-bypass!
[    3.865087] evm: HMAC attrs: 0x1
[    3.865832]   Magic number: 1:405:193
[    3.866490] rtc_cmos rtc_cmos: setting system clock to 2017-01-24 19:11:53 UTC (1485285113)
[    3.867830] BIOS EDD facility v0.16 2004-Jun-25, 0 devices found
[    3.868623] EDD information not available.
[    3.869471] md: Waiting for all devices to be available before autodetect
[    3.870337] md: If you don't use raid, use raid=noautodetect
[    3.871299] md: Autodetecting RAID arrays.
[    3.911382] md: Scanned 0 and added 0 devices.
[    3.967366] md: autorun ...
[    3.993720] md: ... autorun DONE.
[    3.994286] RAMDISK: lzma image found at block 0
[    4.031795] tsc: Refined TSC clocksource calibration: 2594.493 MHz
[    4.039795] clocksource: tsc: mask: 0xffffffffffffffff max_cycles: 0x2565e9f8198, max_idle_ns: 440795329088 ns
[    5.079996] LZMA data is corrupt
[    5.097876] VFS: Cannot open root device "LABEL=cloudimg-rootfs" or unknown-block(0,0): error -6
[    5.099282] Please append a correct "root=" boot option; here are the available partitions:
[    5.100652] 0100           65536 ram0  (driver?)
[    5.101431] 0101           65536 ram1  (driver?)
[    5.102207] 0102           65536 ram2  (driver?)
[    5.102985] 0103           65536 ram3  (driver?)
[    5.103862] 0104           65536 ram4  (driver?)
[    5.104625] 0105           65536 ram5  (driver?)
[    5.105387] 0106           65536 ram6  (driver?)
[    5.106149] 0107           65536 ram7  (driver?)
[    5.106933] 0108           65536 ram8  (driver?)
[    5.107780] 0109           65536 ram9  (driver?)
[    5.108556] 010a           65536 ram10  (driver?)
[    5.109360] 010b           65536 ram11  (driver?)
[    5.110144] 010c           65536 ram12  (driver?)
[    5.110928] 010d           65536 ram13  (driver?)
[    5.111801] 010e           65536 ram14  (driver?)
[    5.157325] 010f           65536 ram15  (driver?)
[    5.177792] Kernel panic - not syncing: VFS: Unable to mount root fs on unknown-block(0,0)
[    5.178979] CPU: 1 PID: 1 Comm: swapper/0 Not tainted 4.4.0-59-generic #80-Ubuntu
[    5.180096] Hardware name: innotek GmbH VirtualBox/VirtualBox, BIOS VirtualBox 12/01/2006
[    5.181270]  c1ad7967 f71686a2 00000086 f6205eec c13ab85f f6205f34 fffffffa f6205f04
[    5.182820]  c1170220 fffffffa f6205f34 fffffffa f7221000 f6205f64 c1b92061 c19b6b08
[    5.184392]  f6205f34 c19b6ab4 c19b6a80 c1bea0c0 f6205f34 fffffffa 00008001 c19b6511
[    5.185944] Call Trace:
[    5.186399]  [<c13ab85f>] dump_stack+0x58/0x79
[    5.187067]  [<c1170220>] panic+0x81/0x1af
[    5.194639]  [<c1b92061>] mount_block_root+0x199/0x20e
[    5.195380]  [<c1b92210>] mount_root+0x63/0x68
[    5.196029]  [<c1b9235a>] prepare_namespace+0x145/0x176
[    5.196750]  [<c1b91d8a>] kernel_init_freeable+0x1b1/0x1d4
[    5.197509]  [<c17aed90>] kernel_init+0x10/0xe0
[    5.198165]  [<c1099691>] ? schedule_tail+0x11/0x50
[    5.198851]  [<c17b8a89>] ret_from_kernel_thread+0x21/0x38
[    5.199608]  [<c17aed80>] ? rest_init+0x70/0x70
[    5.200411] Kernel Offset: disabled
[    5.200963] ---[ end Kernel panic - not syncing: VFS: Unable to mount root fs on unknown-block(0,0)
