[    0.000000] Initializing cgroup subsys cpuset
[    0.000000] Initializing cgroup subsys cpu
[    0.000000] Initializing cgroup subsys cpuacct
[    0.000000] Linux version 4.4.0-59-generic (buildd@lgw01-37) (gcc version 5.4.0 20160609 (Ubuntu 5.4.0-6ubuntu1~16.04.4) ) #80-Ubuntu SMP Fri Jan 6 17:36:54 UTC 2017 (Ubuntu 4.4.0-59.80-generic 4.4.35)
[    0.000000] KERNEL supported cpus:
[    0.000000]   Intel GenuineIntel
[    0.000000]   AMD AuthenticAMD
[    0.000000]   NSC Geode by NSC
[    0.000000]   Cyrix CyrixInstead
[    0.000000]   Centaur CentaurHauls
[    0.000000]   Transmeta GenuineTMx86
[    0.000000]   Transmeta TransmetaCPU
[    0.000000]   UMC UMC UMC UMC
[    0.000000] x86/fpu: xstate_offset[2]:  576, xstate_sizes[2]:  256
[    0.000000] x86/fpu: Supporting XSAVE feature 0x01: 'x87 floating point registers'
[    0.000000] x86/fpu: Supporting XSAVE feature 0x02: 'SSE registers'
[    0.000000] x86/fpu: Supporting XSAVE feature 0x04: 'AVX registers'
[    0.000000] x86/fpu: Enabled xstate features 0x7, context size is 832 bytes, using 'standard' format.
[    0.000000] x86/fpu: Using 'lazy' FPU context switches.
[    0.000000] e820: BIOS-provided physical RAM map:
[    0.000000] BIOS-e820: [mem 0x0000000000000000-0x000000000009fbff] usable
[    0.000000] BIOS-e820: [mem 0x000000000009fc00-0x000000000009ffff] reserved
[    0.000000] BIOS-e820: [mem 0x00000000000f0000-0x00000000000fffff] reserved
[    0.000000] BIOS-e820: [mem 0x0000000000100000-0x000000003ffeffff] usable
[    0.000000] BIOS-e820: [mem 0x000000003fff0000-0x000000003fffffff] ACPI data
[    0.000000] BIOS-e820: [mem 0x00000000fec00000-0x00000000fec00fff] reserved
[    0.000000] BIOS-e820: [mem 0x00000000fee00000-0x00000000fee00fff] reserved
[    0.000000] BIOS-e820: [mem 0x00000000fffc0000-0x00000000ffffffff] reserved
[    0.000000] NX (Execute Disable) protection: active
[    0.000000] SMBIOS 2.5 present.
[    0.000000] Hypervisor detected: KVM
[    0.000000] e820: last_pfn = 0x3fff0 max_arch_pfn = 0x1000000
[    0.000000] MTRR: Disabled
[    0.000000] x86/PAT: MTRRs disabled, skipping PAT initialization too.
[    0.000000] x86/PAT: Configuration [0-7]: WB  WT  UC- UC  WB  WT  UC- UC  
[    0.000000] CPU MTRRs all blank - virtualized system.
[    0.000000] found SMP MP-table at [mem 0x0009fff0-0x0009ffff] mapped at [c009fff0]
[    0.000000] Scanning 1 areas for low memory corruption
[    0.000000] RAMDISK: [mem 0x36b6a000-0x375acfff]
[    0.000000] ACPI: Early table checksum verification disabled
[    0.000000] ACPI: RSDP 0x00000000000E0000 000024 (v02 VBOX  )
[    0.000000] ACPI: XSDT 0x000000003FFF0030 00003C (v01 VBOX   VBOXXSDT 00000001 ASL  00000061)
[    0.000000] ACPI: FACP 0x000000003FFF00F0 0000F4 (v04 VBOX   VBOXFACP 00000001 ASL  00000061)
[    0.000000] ACPI: DSDT 0x000000003FFF0470 00210F (v01 VBOX   VBOXBIOS 00000002 INTL 20160108)
[    0.000000] ACPI: FACS 0x000000003FFF0200 000040
[    0.000000] ACPI: FACS 0x000000003FFF0200 000040
[    0.000000] ACPI: APIC 0x000000003FFF0240 00005C (v02 VBOX   VBOXAPIC 00000001 ASL  00000061)
[    0.000000] ACPI: SSDT 0x000000003FFF02A0 0001CC (v01 VBOX   VBOXCPUT 00000002 INTL 20160108)
[    0.000000] 131MB HIGHMEM available.
[    0.000000] 891MB LOWMEM available.
[    0.000000]   mapped low ram: 0 - 37bfe000
[    0.000000]   low ram: 0 - 37bfe000
[    0.000000] kvm-clock: Using msrs 4b564d01 and 4b564d00
[    0.000000] kvm-clock: cpu 0, msr 0:37bfd001, primary cpu clock
[    0.000000] kvm-clock: using sched offset of 3320536920 cycles
[    0.000000] clocksource: kvm-clock: mask: 0xffffffffffffffff max_cycles: 0x1cd42e4dffb, max_idle_ns: 881590591483 ns
[    0.000000] Zone ranges:
[    0.000000]   DMA      [mem 0x0000000000001000-0x0000000000ffffff]
[    0.000000]   Normal   [mem 0x0000000001000000-0x0000000037bfdfff]
[    0.000000]   HighMem  [mem 0x0000000037bfe000-0x000000003ffeffff]
[    0.000000] Movable zone start for each node
[    0.000000] Early memory node ranges
[    0.000000]   node   0: [mem 0x0000000000001000-0x000000000009efff]
[    0.000000]   node   0: [mem 0x0000000000100000-0x000000003ffeffff]
[    0.000000] Initmem setup node 0 [mem 0x0000000000001000-0x000000003ffeffff]
[    0.000000] Using APIC driver default
[    0.000000] ACPI: PM-Timer IO Port: 0x4008
[    0.000000] IOAPIC[0]: apic_id 2, version 32, address 0xfec00000, GSI 0-23
[    0.000000] ACPI: INT_SRC_OVR (bus 0 bus_irq 0 global_irq 2 dfl dfl)
[    0.000000] ACPI: INT_SRC_OVR (bus 0 bus_irq 9 global_irq 9 high level)
[    0.000000] Using ACPI (MADT) for SMP configuration information
[    0.000000] smpboot: Allowing 2 CPUs, 0 hotplug CPUs
[    0.000000] PM: Registered nosave memory: [mem 0x00000000-0x00000fff]
[    0.000000] PM: Registered nosave memory: [mem 0x0009f000-0x0009ffff]
[    0.000000] PM: Registered nosave memory: [mem 0x000a0000-0x000effff]
[    0.000000] PM: Registered nosave memory: [mem 0x000f0000-0x000fffff]
[    0.000000] e820: [mem 0x40000000-0xfebfffff] available for PCI devices
[    0.000000] Booting paravirtualized kernel on KVM
[    0.000000] clocksource: refined-jiffies: mask: 0xffffffff max_cycles: 0xffffffff, max_idle_ns: 7645519600211568 ns
[    0.000000] setup_percpu: NR_CPUS:8 nr_cpumask_bits:8 nr_cpu_ids:2 nr_node_ids:1
[    0.000000] PERCPU: Embedded 19 pages/cpu @f76b0000 s47436 r0 d30388 u77824
[    0.000000] PV qspinlock hash table entries: 512 (order: 0, 4096 bytes)
[    0.000000] Built 1 zonelists in Zone order, mobility grouping on.  Total pages: 259800
[    0.000000] Kernel command line: BOOT_IMAGE=/boot/vmlinuz-4.4.0-59-generic root=LABEL=cloudimg-rootfs ro console=tty1 console=ttyS0
[    0.000000] PID hash table entries: 4096 (order: 2, 16384 bytes)
[    0.000000] Dentry cache hash table entries: 131072 (order: 7, 524288 bytes)
[    0.000000] Inode-cache hash table entries: 65536 (order: 6, 262144 bytes)
[    0.000000] Initializing CPU#0
[    0.000000] Initializing HighMem for node 0 (00037bfe:0003fff0)
[    0.000000] Initializing Movable for node 0 (00000000:00000000)
[    0.000000] Memory: 1012488K/1048120K available (7914K kernel code, 765K rwdata, 3148K rodata, 944K init, 800K bss, 35632K reserved, 0K cma-reserved, 135112K highmem)
[    0.000000] virtual kernel memory layout:
[    0.000000]     fixmap  : 0xfff15000 - 0xfffff000   ( 936 kB)
[    0.000000]     pkmap   : 0xffc00000 - 0xffe00000   (2048 kB)
[    0.000000]     vmalloc : 0xf83fe000 - 0xffbfe000   ( 120 MB)
[    0.000000]     lowmem  : 0xc0000000 - 0xf7bfe000   ( 891 MB)
[    0.000000]       .init : 0xc1b91000 - 0xc1c7d000   ( 944 kB)
[    0.000000]       .data : 0xc17bacfb - 0xc1b8f400   (3921 kB)
[    0.000000]       .text : 0xc1000000 - 0xc17bacfb   (7915 kB)
[    0.000000] Checking if this processor honours the WP bit even in supervisor mode...Ok.
[    0.000000] SLUB: HWalign=64, Order=0-3, MinObjects=0, CPUs=2, Nodes=1
[    0.000000] Hierarchical RCU implementation.
[    0.000000] 	Build-time adjustment of leaf fanout to 32.
[    0.000000] 	RCU restricting CPUs from NR_CPUS=8 to nr_cpu_ids=2.
[    0.000000] RCU: Adjusting geometry for rcu_fanout_leaf=32, nr_cpu_ids=2
[    0.000000] NR_IRQS:2304 nr_irqs:440 16
[    0.000000] Console: colour VGA+ 80x25
[    0.000000] console [tty1] enabled
[    0.000000] console [ttyS0] enabled
[    0.000000] allocated 1048576 bytes of page_ext
[    0.000000] tsc: Detected 2594.004 MHz processor
[    0.874505] Calibrating delay loop (skipped) preset value.. 5188.00 BogoMIPS (lpj=10376016)
[    0.875912] pid_max: default: 32768 minimum: 301
[    0.876691] ACPI: Core revision 20150930
[    0.878201] ACPI: 2 ACPI AML tables successfully acquired and loaded
[    0.880377] Security Framework initialized
[    0.881070] Yama: becoming mindful.
[    0.881717] AppArmor: AppArmor initialized
[    0.882437] Mount-cache hash table entries: 2048 (order: 1, 8192 bytes)
[    0.883425] Mountpoint-cache hash table entries: 2048 (order: 1, 8192 bytes)
[    0.884606] Initializing cgroup subsys io
[    0.886389] Initializing cgroup subsys memory
[    0.887119] Initializing cgroup subsys devices
[    0.889232] Initializing cgroup subsys freezer
[    0.891067] Initializing cgroup subsys net_cls
[    0.891809] Initializing cgroup subsys perf_event
[    0.892594] Initializing cgroup subsys net_prio
[    0.894440] Initializing cgroup subsys hugetlb
[    0.895179] Initializing cgroup subsys pids
[    0.895971] CPU: Physical Processor ID: 0
[    0.898409] CPU: Processor Core ID: 0
[    0.932984] mce: CPU supports 0 MCE banks
[    0.979463] Last level iTLB entries: 4KB 1024, 2MB 1024, 4MB 1024
[    1.076940] Last level dTLB entries: 4KB 1024, 2MB 1024, 4MB 1024, 1GB 4
[    1.149448] Freeing SMP alternatives memory: 28K (c1c7d000 - c1c84000)
[    1.198867] ftrace: allocating 31349 entries in 62 pages
[    1.285102] smpboot: APIC(0) Converting physical 0 to logical package 0
[    1.315285] smpboot: Max logical packages: 1
[    1.365847] Enabling APIC mode:  Flat.  Using 1 I/O APICs
[    1.429123] ..TIMER: vector=0x30 apic1=0 pin1=2 apic2=-1 pin2=-1
[    1.613238] smpboot: CPU0: Intel(R) Core(TM) i5-4210M CPU @ 2.60GHz (family: 0x6, model: 0x3c, stepping: 0x3)
[    1.738230] Performance Events: unsupported p6 CPU model 60 no PMU driver, software events only.
[    1.754164] KVM setup paravirtual spinlock
[    1.755530] x86: Booting SMP configuration:
[    1.766440] .... node  #0, CPUs:      #1
[1266874886.389014] Initializing CPU#1
[    1.767672] kvm-clock: cpu 1, msr 0:37bfd041, secondary cpu clock
[    1.769908] mce: CPU supports 0 MCE banks
[    1.775167] x86: Booted up 1 node, 2 CPUs
[    1.779848] smpboot: Total of 2 processors activated (10376.01 BogoMIPS)
[    1.781260] devtmpfs: initialized
[    1.789877] evm: security.selinux
[    1.791545] evm: security.SMACK64
[    1.792141] evm: security.SMACK64EXEC
[    1.792792] evm: security.SMACK64TRANSMUTE
[    1.793493] evm: security.SMACK64MMAP
[    1.794132] evm: security.ima
[    1.794691] evm: security.capability
[    1.795557] clocksource: jiffies: mask: 0xffffffff max_cycles: 0xffffffff, max_idle_ns: 7645041785100000 ns
[    1.798998] pinctrl core: initialized pinctrl subsystem
[    1.801187] RTC time: 20:28:11, date: 03/01/17
[    1.805846] NET: Registered protocol family 16
[    1.811297] EISA bus registered
[    1.821533] cpuidle: using governor ladder
[    1.833707] cpuidle: using governor menu
[    1.848310] PCCT header not found.
[    1.851214] ACPI: bus type PCI registered
[    1.870166] acpiphp: ACPI Hot Plug PCI Controller Driver version: 0.5
[    1.916005] PCI : PCI BIOS area is rw and x. Use pci=nobios if you want it NX.
[    1.917593] PCI: PCI BIOS revision 2.10 entry at 0xfda26, last bus=0
[    1.918826] PCI: Using configuration type 1 for base access
[    1.929996] ACPI: Added _OSI(Module Device)
[    1.935910] ACPI: Added _OSI(Processor Device)
[    1.950246] ACPI: Added _OSI(3.0 _SCP Extensions)
[    1.979357] ACPI: Added _OSI(Processor Aggregator Device)
[    2.006900] ACPI: Executed 1 blocks of module-level executable AML code
[    2.070920] ACPI: Interpreter enabled
[    2.086944] ACPI: (supports S0 S5)
[    2.098522] ACPI: Using IOAPIC for interrupt routing
[    2.106563] PCI: Using host bridge windows from ACPI; if necessary, use "pci=nocrs" and report a bug
[    2.113801] ACPI: PCI Root Bridge [PCI0] (domain 0000 [bus 00-ff])
[    2.138337] acpi PNP0A03:00: _OSC: OS supports [ASPM ClockPM Segments MSI]
[    2.165116] acpi PNP0A03:00: _OSC failed (AE_NOT_FOUND); disabling ASPM
[    2.213486] acpi PNP0A03:00: fail to add MMCONFIG information, can't access extended PCI configuration space under this bridge.
[    2.294760] PCI host bridge to bus 0000:00
[    2.296438] pci_bus 0000:00: root bus resource [io  0x0000-0x0cf7 window]
[    2.346957] pci_bus 0000:00: root bus resource [io  0x0d00-0xffff window]
[    2.389980] pci_bus 0000:00: root bus resource [mem 0x000a0000-0x000bffff window]
[    2.493003] pci_bus 0000:00: root bus resource [mem 0x40000000-0xffdfffff window]
[    2.541249] pci_bus 0000:00: root bus resource [bus 00-ff]
[    2.569450] pci 0000:00:01.1: legacy IDE quirk: reg 0x10: [io  0x01f0-0x01f7]
[    2.633094] pci 0000:00:01.1: legacy IDE quirk: reg 0x14: [io  0x03f6]
[    2.695439] pci 0000:00:01.1: legacy IDE quirk: reg 0x18: [io  0x0170-0x0177]
[    2.746888] pci 0000:00:01.1: legacy IDE quirk: reg 0x1c: [io  0x0376]
[    2.826016] pci 0000:00:07.0: quirk: [io  0x4000-0x403f] claimed by PIIX4 ACPI
[    2.887807] pci 0000:00:07.0: quirk: [io  0x4100-0x410f] claimed by PIIX4 SMB
[    2.953264] ACPI: PCI Interrupt Link [LNKA] (IRQs 5 9 10 *11)
[    2.995496] ACPI: PCI Interrupt Link [LNKB] (IRQs 5 9 10 *11)
[    3.036683] ACPI: PCI Interrupt Link [LNKC] (IRQs 5 9 *10 11)
[    3.066505] ACPI: PCI Interrupt Link [LNKD] (IRQs 5 *9 10 11)
[    3.103965] ACPI: Enabled 2 GPEs in block 00 to 07
[    3.139939] vgaarb: setting as boot device: PCI:0000:00:02.0
[    3.174863] vgaarb: device added: PCI:0000:00:02.0,decodes=io+mem,owns=io+mem,locks=none
[    3.196524] vgaarb: loaded
[    3.200320] vgaarb: bridge control possible 0000:00:02.0
[    3.236380] SCSI subsystem initialized
[    3.274933] ACPI: bus type USB registered
[    3.318088] usbcore: registered new interface driver usbfs
[    3.374246] usbcore: registered new interface driver hub
[    3.422383] usbcore: registered new device driver usb
[    3.459988] PCI: Using ACPI for IRQ routing
[    3.515195] NetLabel: Initializing
[    3.551092] NetLabel:  domain hash size = 128
[    3.568020] NetLabel:  protocols = UNLABELED CIPSOv4
[    3.607164] NetLabel:  unlabeled traffic allowed by default
[    3.659291] amd_nb: Cannot enumerate AMD northbridges
[    3.703439] clocksource: Switched to clocksource kvm-clock
[    3.749013] AppArmor: AppArmor Filesystem Enabled
[    3.803143] pnp: PnP ACPI init
[    3.833630] pnp: PnP ACPI: found 3 devices
[    3.873067] PnPBIOS: Disabled by ACPI PNP
[    3.967944] clocksource: acpi_pm: mask: 0xffffff max_cycles: 0xffffff, max_idle_ns: 2085701024 ns
[    4.093391] NET: Registered protocol family 2
[    4.144978] TCP established hash table entries: 8192 (order: 3, 32768 bytes)
[    4.224562] TCP bind hash table entries: 8192 (order: 4, 65536 bytes)
[    4.260549] TCP: Hash tables configured (established 8192 bind 8192)
[    4.263698] UDP hash table entries: 512 (order: 2, 16384 bytes)
[    4.264631] UDP-Lite hash table entries: 512 (order: 2, 16384 bytes)
[    4.265634] NET: Registered protocol family 1
[    4.266379] pci 0000:00:00.0: Limiting direct PCI/PCI transfers
[    4.270721] pci 0000:00:01.0: Activating ISA DMA hang workarounds
[    4.282357] Trying to unpack rootfs image as initramfs...
[    5.813588] Freeing initrd memory: 10508K (f6b6a000 - f75ad000)
[    6.183644] RAPL PMU detected, API unit is 2^-32 Joules, 4 fixed counters 10737418240 ms ovfl timer
[    6.463629] hw unit of domain pp0-core 2^-0 Joules
[    6.472580] hw unit of domain package 2^-0 Joules
[    6.513393] hw unit of domain dram 2^-0 Joules
[    6.56331]] hw unit of domain pp1-gpu 2^-0 Joules
[    6.793282] platform rtc_cmos: registered platform RTC device (no PNP device found)
[    6.853696] Scanning for low memory corruption every 60 seconds
[    6.855336] futex hash table entries: 512 (order: 3, 32768 bytes)
[    6.883825] audit: initializing netlink subsys (disabled)
[    6.884911] audit: type=2000 audit(1488400097.445:1): initialized
[    6.886356] Initialise system trusted keyring
[    6.887545] HugeTLB registered 2 MB page size, pre-allocated 0 pages
[    6.960418] zbud: loaded
[    6.966476] VFS: Disk quotas dquot_6.6.0
[    6.976558] VFS: Dquot-cache hash table entries: 1024 (order 0, 4096 bytes)
[    6.981794] squashfs: version 4.0 (2009/01/31) Phillip Lougher
[    6.984131] fuse init (API version 7.23)
[    7.068060] Key type big_key registered
[    7.166278] Allocating IMA MOK and blacklist keyrings.
[    7.300202] Key type asymmetric registered
[    7.411770] Asymmetric key parser 'x509' registered
[    7.468688] bounce: pool size: 64 pages
[    7.476066] Block layer SCSI generic (bsg) driver version 0.4 loaded (major 249)
[    7.480717] io scheduler noop registered
[    7.513183] io scheduler deadline registered (default)
[    7.548446] io scheduler cfq registered
[    7.640345] pci_hotplug: PCI Hot Plug PCI Core version: 0.5
[    7.742282] pciehp: PCI Express Hot Plug Controller Driver version: 0.4
[    7.872943] tsc: Refined TSC clocksource calibration: 2592.698 MHz
[    7.967877] clocksource: tsc: mask: 0xffffffffffffffff max_cycles: 0x255f4a16ff3, max_idle_ns: 440795255910 ns
[    7.968104] ACPI: AC Adapter [AC] (on-line)
[    7.968181] input: Power Button as /devices/LNXSYSTM:00/LNXPWRBN:00/input/input0
[    7.968184] ACPI: Power Button [PWRF]
[    7.968264] input: Sleep Button as /devices/LNXSYSTM:00/LNXSLPBN:00/input/input1
ÿ[    7.968266] ACPI: Sleep Button [SLPF]
[    7.969217] ACPI: Battery Slot [BAT0] (battery present)
[    7.969258] GHES: HEST is not enabled!
[    7.969380] isapnp: Scanning for PnP cards...
[    8.019155] Serial: 8250/16550 driver, 32 ports, IRQ sharing enabled
[    8.159192] 00:02: ttyS0 at I/O 0x3f8 (irq = 4, base_baud = 115200) is a 16550A
[    8.236501] Linux agpgart interface v0.103
[    8.276248] brd: module loaded
[    8.341603] loop: module loaded
[    8.391475] scsi host0: ata_piix
[    8.404401] scsi host1: ata_piix
[    8.406330] ata1: PATA max UDMA/33 cmd 0x1f0 ctl 0x3f6 bmdma 0xd000 irq 14
[    8.407338] ata2: PATA max UDMA/33 cmd 0x170 ctl 0x376 bmdma 0xd008 irq 15
[    8.408676] libphy: Fixed MDIO Bus: probed
[    8.410540] tun: Universal TUN/TAP device driver, 1.6
[    8.412438] tun: (C) 1999-2004 Max Krasnyansky <maxk@qualcomm.com>
[    8.415835] PPP generic driver version 2.4.2
[    8.417720] ehci_hcd: USB 2.0 'Enhanced' Host Controller (EHCI) Driver
[    8.419792] ehci-pci: EHCI PCI platform driver
[    8.420551] ehci-platform: EHCI generic platform driver
[    8.422473] ohci_hcd: USB 1.1 'Open' Host Controller (OHCI) Driver
[    8.423431] ohci-pci: OHCI PCI platform driver
[    8.424204] ohci-platform: OHCI generic platform driver
[    8.425045] uhci_hcd: USB Universal Host Controller Interface driver
[    8.427188] i8042: PNP: PS/2 Controller [PNP0303:PS2K,PNP0f03:PS2M] at 0x60,0x64 irq 1,12
[    8.463820] serio: i8042 KBD port at 0x60,0x64 irq 1
[    8.464864] serio: i8042 AUX port at 0x60,0x64 irq 12
[    8.466074] mousedev: PS/2 mouse device common for all mice
[    8.467749] input: AT Translated Set 2 keyboard as /devices/platform/i8042/serio0/input/input2
[    8.470938] rtc_cmos rtc_cmos: rtc core: registered rtc_cmos as rtc0
[    8.472271] rtc_cmos rtc_cmos: alarms up to one day, 114 bytes nvram
[    8.493078] i2c /dev entries driver
[    8.522188] isapnp: No Plug & Play device found
[    8.564628] device-mapper: uevent: version 1.0.3
[    8.570055] device-mapper: ioctl: 4.34.0-ioctl (2015-10-28) initialised: dm-devel@redhat.com
[    8.571827] platform eisa.0: Probing EISA bus 0
[    8.608928] platform eisa.0: EISA: Cannot allocate resource for mainboard
[    8.662467] platform eisa.0: Cannot allocate resource for EISA slot 1
[    8.700147] platform eisa.0: Cannot allocate resource for EISA slot 2
[    8.704811] platform eisa.0: Cannot allocate resource for EISA slot 3
[    8.705791] platform eisa.0: Cannot allocate resource for EISA slot 4
[    8.706765] platform eisa.0: Cannot allocate resource for EISA slot 5
[    8.707736] platform eisa.0: Cannot allocate resource for EISA slot 6
[    8.713225] platform eisa.0: Cannot allocate resource for EISA slot 7
[    8.715248] platform eisa.0: Cannot allocate resource for EISA slot 8
[    8.716229] platform eisa.0: EISA: Detected 0 cards
[    8.725574] cpufreq-nforce2: No nForce2 chipset.
[    8.726329] ledtrig-cpu: registered to indicate activity on CPUs
[    8.727502] NET: Registered protocol family 10
[    8.730911] NET: Registered protocol family 17
[    8.732778] Key type dns_resolver registered
[    8.733680] microcode: CPU0 sig=0x306c3, pf=0x40, revision=0x0
[    8.735863] microcode: CPU1 sig=0x306c3, pf=0x40, revision=0x0
[    8.736863] microcode: Microcode Update Driver: v2.01 <tigran@aivazian.fsnet.co.uk>, Peter Oruba
[    8.741354] Using IPI No-Shortcut mode
[    8.744614] registered taskstats version 1
[    8.755637] Loading compiled-in X.509 certificates
[    8.765604] Loaded X.509 cert 'Build time autogenerated kernel key: 5abddad4aa185bb4ac78f1f130c188cbdfc4c5fc'
[    8.769024] zswap: loaded using pool lzo/zbud
[    8.774283] Key type trusted registered
[    8.785646] Key type encrypted registered
[    8.845090] AppArmor: AppArmor sha1 policy hashing enabled
[    8.905087] ima: No TPM chip found, activating TPM-bypass!
[    8.964253] evm: HMAC attrs: 0x1
[    8.969406]   Magic number: 9:104:497
[    8.971469] rtc_cmos rtc_cmos: setting system clock to 2017-03-01 20:28:18 UTC (1488400098)
[    8.973033] BIOS EDD facility v0.16 2004-Jun-25, 0 devices found
[    8.976411] EDD information not available.
[    8.977618] Freeing unused kernel memory: 944K (c1b91000 - c1c7d000)
[    8.980578] Write protecting the kernel text: 7916k
[    8.982514] Write protecting the kernel read-only data: 3156k
[    8.984512] NX-protecting the kernel data: 6420k
Loading, please [    9.001114] random: systemd-udevd: uninitialized urandom read (16 bytes read, 0 bits of entropy available)
wait...
starting version 229
[    9.002169] random: udevadm: uninitialized urandom read (16 bytes read, 0 bits of entropy available)
[    9.002224] random: udevadm: uninitialized urandom read (16 bytes read, 0 bits of entropy available)
[    9.002432] random: udevadm: uninitialized urandom read (16 bytes read, 0 bits of entropy available)
[    9.002511] random: udevadm: uninitialized urandom read (16 bytes read, 0 bits of entropy available)
[    9.002588] random: udevadm: uninitialized urandom read (16 bytes read, 0 bits of entropy available)
[    9.002676] random: udevadm: uninitialized urandom read (16 bytes read, 0 bits of entropy available)
[    9.002754] random: udevadm: uninitialized urandom read (16 bytes read, 0 bits of entropy available)
[    9.002830] random: udevadm: uninitialized urandom read (16 bytes read, 0 bits of entropy available)
[    9.002908] random: udevadm: uninitialized urandom read (16 bytes read, 0 bits of entropy available)
[    9.760171] e1000: Intel(R) PRO/1000 Network Driver - version 7.3.21-k8-NAPI
[    9.853628] e1000: Copyright (c) 1999-2006 Intel Corporation.
[    9.864647] Fusion MPT base driver 3.04.20
[    9.993345] Copyright (c) 1999-2008 LSI Corporation
[   10.015071] Fusion MPT SPI Host driver 3.04.20
[   10.212716] input: ImExPS/2 Generic Explorer Mouse as /devices/platform/i8042/serio1/input/input4
[   10.462791] e1000 0000:00:03.0 eth0: (PCI:33MHz:32-bit) 02:ba:9d:25:04:86
[   10.501475] e1000 0000:00:03.0 eth0: Intel(R) PRO/1000 Network Connection
[   10.560988] e1000 0000:00:03.0 enp0s3: renamed from eth0
[   10.574351] mptbase: ioc0: Initiating bringup
[   10.651680] ioc0: LSI53C1030 A0: Capabilities={Initiator}
[   10.881025] scsi host2: ioc0: LSI53C1030 A0, FwRev=00000000h, Ports=1, MaxQ=256, IRQ=20
[   11.003870] scsi 2:0:0:0: Direct-Access     VBOX     HARDDISK         1.0  PQ: 0 ANSI: 5
[   11.293476] scsi target2:0:0: Beginning Domain Validation
[   11.663960] scsi target2:0:0: Domain Validation skipping write tests
[   11.943248] scsi target2:0:0: Ending Domain Validation
[   12.033714] scsi target2:0:0: asynchronous
[   12.035085] scsi 2:0:1:0: Direct-Access     VBOX     HARDDISK         1.0  PQ: 0 ANSI: 5
[   12.036835] scsi target2:0:1: Beginning Domain Validation
[   12.038958] scsi target2:0:1: Domain Validation skipping write tests
[   12.040204] scsi target2:0:1: Ending Domain Validation
[   12.041310] scsi target2:0:1: asynchronous
[   12.047475] sd 2:0:0:0: Attached scsi generic sg0 type 0
[   12.133970] sd 2:0:0:0: [sda] 20971520 512-byte logical blocks: (10.7 GB/10.0 GiB)
[   12.134238] sd 2:0:1:0: [sdb] 20480 512-byte logical blocks: (10.5 MB/10.0 MiB)
[   12.134359] sd 2:0:1:0: [sdb] Write Protect is off
[   12.134435] sd 2:0:1:0: [sdb] Incomplete mode parameter data
[   12.134436] sd 2:0:1:0: [sdb] Assuming drive cache: write through
[   12.134975] sd 2:0:1:0: Attached scsi generic sg1 type 0
[   12.168759] sd 2:0:0:0: [sda] Write Protect is off
[   12.182636] sd 2:0:0:0: [sda] Incomplete mode parameter data
[   12.193599] sd 2:0:0:0: [sda] Assuming drive cache: write through
[   12.261265]  sda: sda1
[   12.262504] sd 2:0:1:0: [sdb] Attached SCSI disk
[   12.296869] sd 2:0:0:0: [sda] Attached SCSI disk
[   12.871625] floppy0: no floppy controllers found
Begin: Loading e[   14.392666] md: linear personality registered for level -1
ssential drivers[   14.567590] md: multipath personality registered for level -4
 ... [   14.828567] md: raid0 personality registered for level 0
[   14.841372] md: raid1 personality registered for level 1
[   14.923466] raid6: mmxx1    gen()  5950 MB/s
[   14.995455] raid6: mmxx2    gen()  5832 MB/s
[   15.067480] raid6: sse1x1   gen()  4901 MB/s
[   15.139496] raid6: sse1x2   gen()  6092 MB/s
[   15.239462] raid6: sse2x1   gen() 10173 MB/s
[   15.367460] raid6: sse2x1   xor()  7567 MB/s
[   15.487461] raid6: sse2x2   gen() 12367 MB/s
[   15.579478] raid6: sse2x2   xor()  8145 MB/s
[   15.642379] raid6: using algorithm sse2x2 gen() 12367 MB/s
[   15.652323] raid6: .... xor() 8145 MB/s, rmw enabled
[   15.669270] raid6: using ssse3x1 recovery algorithm
[   15.686864] xor: automatically using best checksumming function:
[   15.762914]    avx       : 52037.000 MB/sec
[   15.806988] async_tx: api initialized (async)
[   15.830761] md: raid6 personality registered for level 6
[   15.861058] md: raid5 personality registered for level 5
[   15.863924] md: raid4 personality registered for level 4
[   15.886903] md: raid10 personality registered for level 10
done.
Begin: Running /scripts/init-premount ... done.
Begin: Mounting root file system ... Begin: Running /scripts/local-top ... done.
Begin: Running /scripts/local-premount ... [   15.936118] Btrfs loaded
Scanning for Btrfs filesystems
done.
Warning: fsck no[   15.987551] EXT4-fs (sda1): INFO: recovery required on readonly filesystem
t present, so skipping root file[   16.018736] EXT4-fs (sda1): write access will be enabled during recovery
 system
[   16.053077] EXT4-fs (sda1): recovery complete
[   16.067059] EXT4-fs (sda1): mounted filesystem with ordered data mode. Opts: (null)
done.
Begin: Running /scripts/local-bottom ... done.
Begin: Running /scripts/init-bottom ... done.
[   16.572286] systemd[1]: systemd 229 running in system mode. (+PAM +AUDIT +SELINUX +IMA +APPARMOR +SMACK +SYSVINIT +UTMP +LIBCRYPTSETUP +GCRYPT +GNUTLS +ACL +XZ -LZ4 +SECCOMP +BLKID +ELFUTILS +KMOD -IDN)
[   16.615027] systemd[1]: Detected virtualization oracle.
[   16.616992] systemd[1]: Detected architecture x86.

Welcome to [1mUbuntu 16.04.1 LTS[0m!

[   16.777983] systemd[1]: Set hostname to <ubuntu-xenial>.
[   17.098091] random: nonblocking pool is initialized
[   17.294884] systemd[1]: Listening on Device-mapper event daemon FIFOs.
[[0;32m  OK  [0m] Listening on Device-mapper event daemon FIFOs.
[   17.451722] systemd[1]: Listening on udev Kernel Socket.
[[0;32m  OK  [0m] Listening on udev Kernel Socket.
[   17.546909] systemd[1]: Listening on Journal Socket (/dev/log).
[[0;32m  OK  [0m] Listening on Journal Socket (/dev/log).
[   17.550142] systemd[1]: Reached target User and Group Name Lookups.
[[0;32m  OK  [0m] Reached target User and Group Name Lookups.
[   17.555661] systemd[1]: Listening on Syslog Socket.
[[0;32m  OK  [0m] Listening on Syslog Socket.
[   17.574569] systemd[1]: Started Forward Password Requests to Wall Directory Watch.
[[0;32m  OK  [0m] Started Forward Password Requests to Wall Directory Watch.
[   17.581350] systemd[1]: Listening on LVM2 metadata daemon socket.
[[0;32m  OK  [0m] Listening on LVM2 metadata daemon socket.
[   17.599627] systemd[1]: Reached target Swap.
[[0;32m  OK  [0m] Reached target Swap.
[   17.691831] systemd[1]: Listening on /dev/initctl Compatibility Named Pipe.
[[0;32m  OK  [0m] Listening on /dev/initctl Compatibility Named Pipe.
[   17.743698] systemd[1]: Listening on udev Control Socket.
[[0;32m  OK  [0m] Listening on udev Control Socket.
[   17.935630] systemd[1]: Reached target Encrypted Volumes.
[[0;32m  OK  [0m] Reached target Encrypted Volumes.
[   18.103753] systemd[1]: Listening on Journal Socket.
[[0;32m  OK  [0m] Listening on Journal Socket.
[   18.140060] systemd[1]: Created slice System Slice.
[[0;32m  OK  [0m] Created slice System Slice.
[   18.219638] systemd[1]: Starting Load Kernel Modules...
         Starting Load Kernel Modules...
[   18.227964] systemd[1]: Created slice system-serial\x2dgetty.slice.
[[0;32m  OK  [0m] Created slice system-serial\x2dgetty.slice.
[   18.240625] systemd[1]: Starting Nameserver information manager...
         Starting Nameserver information manager...
[   18.248344] systemd[1]: Mounting POSIX Message Queue File System...
         Mounting POSIX Message Queue File System...
[   18.252067] systemd[1]: Starting Uncomplicated firewall...
         Starting Uncomplicated firewall...
[   18.255842] systemd[1]: Starting Set console keymap...
         Starting Set console keymap...
[   18.259432] systemd[1]: Mounting Huge Pages File System...
         Mounting Huge Pages File System...
[   18.264585] systemd[1]: Starting Monitoring of LVM2 mirrors, snapshots etc. using dmeventd or progress polling...
         Starting Monitoring of LVM2 mirrors... dmeventd or progress polling...
[   18.282610] systemd[1]: Starting Remount Root and Kernel File Systems...
[   18.298774] Loading iSCSI transport class v2.0-870.
         Starting Remount Root and Kernel File Systems...
[   18.308072] systemd[1]: Starting Create list of required static device ooees for the current kernel...
         Starting Create list of required st... nodes for the current kernel...
[   19.060005] systemd[1]: Created slice User and Session Slice.
[[0;32m  OK  [0m] Created slice User and Session Slice.
[   19.273251] systemd[1]: Reached target Slices.
[[0;32m  OK  [0m] Reached target Slices.
[   19.307614] systemd[1]: Mounting Debug File System...
         Mounting Debug File System...
[   19.314589] systemd[1]: Listening on Journal Audit Socket.
[[0;32m  OK  [[   19.320737] iscsi: registered transport (tcp)
0m] Listening on[   19.797747] EXT4-fs (sda1): re-mounted. Opts: (null)
 Journal Audit Socket.
[   19.887732] systemd[1]: Starting Journal Service...
         Starting Journal Service...
[   19.923813] systemd[1]: Set up automount Arbitrary Executable File Formats File System Automount Point.
[[0;32m  OK  [0m] Set up automount Arbitrary Executab...ats File System Automount Point.
[   19.933416] systemd[1]: Listening on LVM2 poll daemon socket.
[[0;32m  OK  [0m] Listening on LVM2 poll daemon socket.
[   19.996538] systemd[1]: Mounted Huge Pages File System.
[[0;32m  OK  [0m] Mounted Huge Pages File System.
[   20.019896] systemd[1]: Mounted POSIX Message Queue File System.
[[0;32m  OK  [0m] Mounted POSIX Message Queue File System.
[   20.026976] systemd[1]: Mounted Debug File System.
[[0;32m  OK  [0m] Mounted Debug File System.
[   20.080415] systemd[1]: Started Uncomplicated firewall.
[[0;32m  OK  [[   20.097947] iscsi: registered transport (iser)
0m] Started Uncomplicated firewall.
[   20.103231] systemd[1]: Started Load Kernel Modules.
[[0;32m  OK  [0m] Started Load Kernel Modules.
[   20.120918] systemd[1]: Started Set console keymap.
[[0;32m  OK  [0m] Started Set console keymap.
[   20.127258] systemd[1]: Started Remount Root and Kernel File Systems.
[[0;32m  OK  [0m] Started Remount Root and Kernel File Systems.
[   20.148158] systemd[1]: Started Create list of required static device nodes for the current kernel.
[[0;32m  OK  [0m] Started Create list of required sta...ce nodes for the current kernel.
[   20.183789] systemd[1]: Started Nameserver information manager.
[[0;32m  OK  [0m] Started Nameserver information manager.
[   20.222631] systemd[1]: Started Journal Service.
[[0;32m  OK  [0m] Started Journal Service.
[[0;32m  OK  [0m] Started LVM2 metadata daemon.
         Starting Create Static Device Nodes in /dev...
         Starting Flush Journal to Persistent Storage...
         Starting udev Coldplug all Devices...
         Starting Load/Save Random Seed...
         Starting Initial cloud-init job (pre-networking)...
         Starting Apply Kernel Variables...
         Mounting FUSE Control File System...
[[0;32m  OK  [0m] Mounted FUSE Control File System.
[[0;32m  OK  [0m] Started Create Static Device Nodes in /dev.
[[0;32m  OK  [0m] Started Load/Save Random Seed.
[[0;32m  OK  [0m] Started Apply Kernel Variables.
[[0;32m  OK  [0m] Started udev Coldplug all Devices.
[[0;32m  OK  [0m] Started Flush Journal to Persistent Storage.
         Starting udev Kernel Device Manager...
[[0;32m  OK  [0m] Started Monitoring of LVM2 mirrors,...ng dmeventd or progress polling.
[[0;32m  OK  [0m] Started udev Kernel Device Manager.
[[0;32m  OK  [0m] Reached target Local File Systems (Pre).
[[0;32m  OK  [0m] Reached target Local File Systems.
         Starting LSB: AppArmor initialization...
         Starting Set console font and keymap...
         Starting Tell Plymouth To Write Out Runtime Data...
         Starting Create Volatile Files and Directories...
[[0;32m  OK  [0m] Started Dispatch Password Requests to Console Directory Watch.
[[0;32m  OK  [0m] Found device /dev/ttyS0.
[[0;32m  OK  [0m] Started Tell Plymouth To Write Out Runtime Data.
[[0;32m  OK  [0m] Started Create Volatile Files and Directories.
[[0;32m  OK  [0m] Reached target System Time Synchronized.
         Starting Update UTMP about System Boot/Shutdown...
[[0;32m  OK  [0m] Started Update UTMP about System Boot/Shutdown.
[[0;32m  OK  [0m] Started Set console font and keymap.
[[0;32m  OK  [0m] Created slice system-getty.slice.
[[0;32m  OK  [0m] Found device 82540EM Gigabit Ethern...r (PRO/1000 MT Desktop Adapter).
[[0;32m  OK  [0m] Started LSB: AppArmor initialization.
[[0;32m  OK  [0m] Listening on Load/Save RF Kill Switch Status /dev/rfkill Watch.
[   21.019953] cloud-init[471]: Cloud-init v. 0.7.8 running 'init-local' at Wed, 01 Mar 2017 20:28:33 +0000. Up 20.57 seconds.
[[0;32m  OK  [0m] Started Initial cloud-init job (pre-networking).
[[0;32m  OK  [0m] Reached target Network (Pre).
         Starting Raise network interfaces...
[[0;32m  OK  [0m] Started ifup for enp0s3.
[[0;32m  OK  [0m] Started Raise network interfaces.
         Starting Initial cloud-init job (metadata service crawler)...
[[0;32m  OK  [0m] Reached target Network.
[   22.133988] cloud-init[1057]: Cloud-init v. 0.7.8 running 'init' at Wed, 01 Mar 2017 20:28:34 +0000. Up 21.66 seconds.
[   22.185168] cloud-init[1057]: ci-info: +++++++++++++++++++++++++++++++++++++Net device info+++++++++++++++++++++++++++++++++++++
[   22.185450] cloud-init[1057]: ci-info: +--------+------+---------------------------+---------------+-------+-------------------+
[[0;32m  OK  [0m] Started Initial cloud-init job (metadata service crawler).
[   22.185550] cloud-init[1057]: ci-info: | Device |  Up  |          Address          |      Mask     | Scope |     Hw-Address    |
[   22.216314] cloud-init[1057]: ci-info: +--------+------+---------------------------+---------------+-------+-------------------+
[   22.216594] cloud-init[1057]: ci-info: | enp0s3 | True |         10.0.2.15         | 255.255.255.0 |   .   | 02:ba:9d:25:04:86 |
[[0;32m  OK  [0m] Reached target System Initialization.
         Starting LXD - unix socket.
[   22.216683] cloud-init[1057]: ci-info: | enp0s3 | True | fe80::ba:9dff:fe25:486/64 |       .       |  link | 02:ba:9d:25:04:86 |
[[0;32m  OK  [0m] Started ACPI Events Check.
         Starting Socket activation for snappy daemon.
[[0;32m  OK  [0m] Listening on D-Bus System Message Bus Socket.
[[0;32m  OK  [0m] Listening on ACPID Listen Socket.
[   22.311361] cloud-init[1057]: ci-info: |   lo   | True |         127.0.0.1         |   255.0.0.0   |   .   |         .         |
[   22.370675] cloud-init[1057]: ci-info: |   lo   | True |          ::1/128          |       .       |  host |         .         |
[   22.424368] cloud-init[1057]: ci-info: +--------+------+---------------------------+---------------+-------+-------------------+
[   22.486510] cloud-init[1057]: ci-info: +++++++++++++++++++++++++++Route IPv4 info++++++++++++++++++++++++++++
[[0;32m  OK  [0m] Started Daily Cleanup of Temporary Directories.
[   22.495731] cloud-init[1057]: ci-info: +-------+-------------+----------+---------------+-----------+-------+
[   22.521615] cloud-init[1057]: ci-info: | Route | Destination | Gateway  |    Genmask    | Interface | Flags |
[   22.525216] cloud-init[1057]: ci-info: +-------+-------------+----------+---------------+-----------+-------+
[   22.526592] cloud-init[1057]: ci-info: |   0   |   0.0.0.0   | 10.0.2.2 |    0.0.0.0    |   enp0s3  |   UG  |
[[0;32m  OK  [0m] Started Daily apt activities.
[[0;32m  OK  [0m] Listening on UUID daemon activation socket.
[[0;32m  OK  [0m] Started Timer to automatically refresh installed snaps.
[[0;32m  OK  [0m] Reached target Timers.
[   22.558525] cloud-init[1057]: ci-info: |   1   |   10.0.2.0  | 0.0.0.0  | 255.255.255.0 |   enp0s3  |   U   |
[   22.604458] cloud-init[1057]: ci-info: +-------+-------------+----------+---------------+-----------+-------+
[[0;32m  OK  [0m] Started Trigger resolvconf update for networkd DNS.
[[0;32m  OK  [0m] Reached target Paths.
[[0;32m  OK  [0m] Reached target Cloud-config availability.
[[0;32m  OK  [0m] Reached target Network is Online.
         Starting iSCSI initiator daemon (iscsid)...
[[0;32m  OK  [0m] Listening on LXD - unix socket.
[[0;32m  OK  [0m] Listening on Socket activation for snappy daemon.
[[0;32m  OK  [0m] Reached target Sockets.
[[0;32m  OK  [0m] Reached target Basic System.
         Starting /etc/rc.local Compatibility...
         Starting Login Service...
         Starting LXD - container startup/shutdown...
         Starting System Logging Service...
         Starting Apply the settings specified in cloud-config...
[[0;32m  OK  [0m] Started ACPI event daemon.
         Starting LSB: MD monitoring daemon...
[[0;32m  OK  [0m] Started Regular background program processing daemon.
         Starting LSB: Record successful boot for GRUB...
[[0;32m  OK  [0m] Started Snappy daemon.
[[0;32m  OK  [0m] Started FUSE filesystem for LXC.
[[0;32m  OK  [0m] Started D-Bus System Message Bus.
[   23.420711] cloud-init[1121]: Cloud-init v. 0.7.8 running 'modules:config' at Wed, 01 Mar 2017 20:28:35 +0000. Up 23.15 seconds.
         Starting Accounts Service...
         Starting Auto import assertions from block devices...
         Starting OpenBSD Secure Shell server...
[[0;32m  OK  [0m] Started Deferred execution scheduler.
[[0;32m  OK  [0m] Started System Logging Service.
[[0;32m  OK  [0m] Started iSCSI initiator daemon (iscsid).
[[0;32m  OK  [0m] Started /etc/rc.local Compatibility.
[[0;32m  OK  [0m] Started Apply the settings specified in cloud-config.
[[0;32m  OK  [0m] Started Auto import assertions from block devices.
         Starting Login to default iSCSI targets...
[[0;32m  OK  [0m] Started Login Service.
[[0;32m  OK  [0m] Started LSB: Record successful boot for GRUB.
[[0;32m  OK  [0m] Started LSB: MD monitoring daemon.
[[0;32m  OK  [0m] Started Login to default iSCSI targets.
[[0;32m  OK  [0m] Reached target Remote File Systems (Pre).
[[0;32m  OK  [0m] Reached target Remote File Systems.
         Starting LSB: VirtualBox Linux Additions...
         Starting LSB: Set the CPU Frequency Scaling governor to "ondemand"...
         Starting LSB: automatic crash report generation...
         Starting LSB: daemon to balance interrupts for SMP systems...
         Starting Permit User Sessions...
[[0;32m  OK  [0m] Started LSB: Set the CPU Frequency Scaling governor to "ondemand".
[[0;32m  OK  [0m] Started Permit User Sessions.
         Starting Hold until boot process finishes up...
         Starting Terminate Plymouth Boot Screen...
[[0;32m  OK  [0m] Started LSB: daemon to balance interrupts for SMP systems.
[[0;32m  OK  [0m] Started Hold until boot process finishes up.
[[0;32m  OK  [0m] Started Terminate Plymouth Boot Screen.
[[0;32m  OK  [0m] Started OpenBSD Secure Shell server.
[[0;32m  OK  [0m] Started LSB: automatic crash report generation.
[[0;32m  OK  [0m] Started LXD - container startup/shutdown.
         Starting Authenticate and Authorize Users to Run Privileged Tasks...
         Starting Set console scheme...
[[0;32m  OK  [0m] Started Serial Getty on ttyS0.
[[0;32m  OK  [0m] Started Getty on tty1.
[[0;32m  OK  [0m] Reached target Login Prompts.
[[0;32m  OK  [0m] Started Set console scheme.
[[0;32m  OK  [0m] Started Authenticate and Authorize Users to Run Privileged Tasks.
[[0;32m  OK  [0m] Started Accounts Service.
[[0;32m  OK  [0m] Started LSB: VirtualBox Linux Additions.
[[0;32m  OK  [0m] Reached target Multi-User System.
         Starting Execute cloud user/final scripts...
[[0;32m  OK  [0m] Reached target Graphical Interface.
         Starting Update UTMP about System Runlevel Changes...
[[0;32m  OK  [0m] Started Update UTMP about System Runlevel Changes.
[[0;32m  OK  [0m] Created slice User Slice of ubuntu.
         Starting User Manager for UID 1000...
[[0;32m  OK  [0m] Started Session 1 of user ubuntu.
[[0;32m  OK  [0m] Started User Manager for UID 1000.
[   25.709828] cloud-init[1284]: Cloud-init v. 0.7.8 running 'modules:final' at Wed, 01 Mar 2017 20:28:38 +0000. Up 25.43 seconds.
[   25.732560] cloud-init[1284]: Cloud-init v. 0.7.8 finished at Wed, 01 Mar 2017 20:28:38 +0000. Datasource DataSourceNoCloud [seed=/dev/sdb][dsmode=net].  Up 25.68 seconds
[[0;32m  OK  [0m] Started Execute cloud user/final scripts.
[[0;32m  OK  [0m] Reached target Cloud-init target.

Ubuntu 16.04.1 LTS ubuntu-xenial ttyS0

ubuntu-xenial login: 